<?xml version="1.0" encoding="UTF-8"?>
<!-- Generated by org.testng.reporters.JUnitReportReporter -->
<testsuite hostname="DESKTOP-FUGQNF4" failures="0" tests="1" name="practiSe.Test1" time="58.699" errors="0" timestamp="24 May 2023 11:33:47 GMT" skipped="0">
  <testcase classname="practiSe.Test1" name="demo" time="58.699"/>
</testsuite> <!-- practiSe.Test1 -->
