<?xml version="1.0" encoding="UTF-8"?>
<!-- Generated by org.testng.reporters.JUnitReportReporter -->
<testsuite hostname="DESKTOP-FUGQNF4" failures="0" tests="1" name="practiSe.Test1" time="15.333" errors="0" timestamp="25 May 2023 08:14:29 GMT" skipped="0">
  <testcase classname="practiSe.Test1" name="demo" time="15.333"/>
</testsuite> <!-- practiSe.Test1 -->
